  autofit.c
  ftbase.c
  ftbbox.c
  ftbdf.c
  ftbitmap.c
  ftcid.c
  ftfstype.c
  ftgasp.c
d:\project\freetype-2.10.1\src\autofit\afscript.h : warning C4819: 该文件包含不能在当前代码页(936)中表示的字符。请将该文件保存为 Unicode 格式以防止数据丢失 (编译源文件 ..\..\..\src\autofit\autofit.c)
d:\project\freetype-2.10.1\src\autofit\afblue.c : warning C4819: 该文件包含不能在当前代码页(936)中表示的字符。请将该文件保存为 Unicode 格式以防止数据丢失 (编译源文件 ..\..\..\src\autofit\autofit.c)
d:\project\freetype-2.10.1\src\autofit\afblue.c(254): warning C4819: 该文件包含不能在当前代码页(936)中表示的字符。请将该文件保存为 Unicode 格式以防止数据丢失 (编译源文件 ..\..\..\src\autofit\autofit.c)
d:\project\freetype-2.10.1\src\autofit\afscript.h : warning C4819: 该文件包含不能在当前代码页(936)中表示的字符。请将该文件保存为 Unicode 格式以防止数据丢失 (编译源文件 ..\..\..\src\autofit\autofit.c)
d:\project\freetype-2.10.1\src\autofit\afscript.h : warning C4819: 该文件包含不能在当前代码页(936)中表示的字符。请将该文件保存为 Unicode 格式以防止数据丢失 (编译源文件 ..\..\..\src\autofit\autofit.c)
d:\project\freetype-2.10.1\src\autofit\afscript.h : warning C4819: 该文件包含不能在当前代码页(936)中表示的字符。请将该文件保存为 Unicode 格式以防止数据丢失 (编译源文件 ..\..\..\src\autofit\autofit.c)
d:\project\freetype-2.10.1\src\autofit\afscript.h : warning C4819: 该文件包含不能在当前代码页(936)中表示的字符。请将该文件保存为 Unicode 格式以防止数据丢失 (编译源文件 ..\..\..\src\autofit\autofit.c)
d:\project\freetype-2.10.1\src\autofit\afscript.h : warning C4819: 该文件包含不能在当前代码页(936)中表示的字符。请将该文件保存为 Unicode 格式以防止数据丢失 (编译源文件 ..\..\..\src\autofit\autofit.c)
  ftglyph.c
  ftgxval.c
  ftinit.c
  ftmm.c
  ftotval.c
  ftpatent.c
  ftpfr.c
  ftstroke.c
  ftsynth.c
  ftsystem.c
  fttype1.c
  ftwinfnt.c
  bdf.c
  ftcache.c
  cff.c
  type1cid.c
  ftgzip.c
  ftlzw.c
  pcf.c
  pfr.c
  psaux.c
  pshinter.c
  psmodule.c
  raster.c
  sfnt.c
  smooth.c
  truetype.c
  type1.c
  type42.c
d:\project\freetype-2.10.1\src\smooth\ftgrays.c(534): warning C4706: 条件表达式内的赋值
  winfnt.c
d:\project\freetype-2.10.1\src\truetype\ttobjs.c(981): warning C4819: 该文件包含不能在当前代码页(936)中表示的字符。请将该文件保存为 Unicode 格式以防止数据丢失 (编译源文件 ..\..\..\src\truetype\truetype.c)
d:\project\freetype-2.10.1\src\sfnt\ttcolr.c(127): warning C4018: “>”: 有符号/无符号不匹配 (编译源文件 ..\..\..\src\sfnt\sfnt.c)
d:\project\freetype-2.10.1\src\sfnt\ttcolr.c(136): warning C4018: “>”: 有符号/无符号不匹配 (编译源文件 ..\..\..\src\sfnt\sfnt.c)
d:\project\freetype-2.10.1\src\sfnt\ttcpal.c(121): warning C4018: “>”: 有符号/无符号不匹配 (编译源文件 ..\..\..\src\sfnt\sfnt.c)
d:\project\freetype-2.10.1\src\sfnt\ttcpal.c(153): warning C4018: “>”: 有符号/无符号不匹配 (编译源文件 ..\..\..\src\sfnt\sfnt.c)
d:\project\freetype-2.10.1\src\sfnt\ttcpal.c(174): warning C4018: “>”: 有符号/无符号不匹配 (编译源文件 ..\..\..\src\sfnt\sfnt.c)
d:\project\freetype-2.10.1\src\sfnt\ttcpal.c(195): warning C4018: “>”: 有符号/无符号不匹配 (编译源文件 ..\..\..\src\sfnt\sfnt.c)
d:\project\freetype-2.10.1\src\sfnt\ttload.c : warning C4819: 该文件包含不能在当前代码页(936)中表示的字符。请将该文件保存为 Unicode 格式以防止数据丢失 (编译源文件 ..\..\..\src\sfnt\sfnt.c)
d:\project\freetype-2.10.1\src\truetype\ttgxvar.c(2201): warning C4701: 使用了可能未初始化的局部变量“fvar_head”
  ftdebug.c
    正在创建库 ..\..\..\objs\Win32\Release\freetype.lib 和对象 ..\..\..\objs\Win32\Release\freetype.exp
  freetype.vcxproj -> D:\Project\freetype-2.10.1\builds\windows\vc2010\..\..\..\objs\Win32\Release\freetype.dll
