d:\project\freetype-2.10.1\objs\x64\release\vc141.pdb
d:\project\freetype-2.10.1\objs\x64\release\ftdebug.obj
d:\project\freetype-2.10.1\objs\x64\release\autofit.obj
d:\project\freetype-2.10.1\objs\x64\release\ftstroke.obj
d:\project\freetype-2.10.1\objs\x64\release\pfr.obj
d:\project\freetype-2.10.1\objs\x64\release\truetype.obj
d:\project\freetype-2.10.1\objs\x64\release\ftbitmap.obj
d:\project\freetype-2.10.1\objs\x64\release\ftpatent.obj
d:\project\freetype-2.10.1\objs\x64\release\bdf.obj
d:\project\freetype-2.10.1\objs\x64\release\raster.obj
d:\project\freetype-2.10.1\objs\x64\release\ftgasp.obj
d:\project\freetype-2.10.1\objs\x64\release\ftglyph.obj
d:\project\freetype-2.10.1\objs\x64\release\ftwinfnt.obj
d:\project\freetype-2.10.1\objs\x64\release\pcf.obj
d:\project\freetype-2.10.1\objs\x64\release\psmodule.obj
d:\project\freetype-2.10.1\objs\x64\release\winfnt.obj
d:\project\freetype-2.10.1\objs\x64\release\ftbdf.obj
d:\project\freetype-2.10.1\objs\x64\release\ftinit.obj
d:\project\freetype-2.10.1\objs\x64\release\fttype1.obj
d:\project\freetype-2.10.1\objs\x64\release\ftgzip.obj
d:\project\freetype-2.10.1\objs\x64\release\smooth.obj
d:\project\freetype-2.10.1\objs\x64\release\ftcid.obj
d:\project\freetype-2.10.1\objs\x64\release\ftmm.obj
d:\project\freetype-2.10.1\objs\x64\release\ftcache.obj
d:\project\freetype-2.10.1\objs\x64\release\psaux.obj
d:\project\freetype-2.10.1\objs\x64\release\ftbase.obj
d:\project\freetype-2.10.1\objs\x64\release\ftsynth.obj
d:\project\freetype-2.10.1\objs\x64\release\ftlzw.obj
d:\project\freetype-2.10.1\objs\x64\release\pshinter.obj
d:\project\freetype-2.10.1\objs\x64\release\type42.obj
d:\project\freetype-2.10.1\objs\x64\release\ftbbox.obj
d:\project\freetype-2.10.1\objs\x64\release\ftgxval.obj
d:\project\freetype-2.10.1\objs\x64\release\ftpfr.obj
d:\project\freetype-2.10.1\objs\x64\release\cff.obj
d:\project\freetype-2.10.1\objs\x64\release\type1.obj
d:\project\freetype-2.10.1\objs\x64\release\ftfstype.obj
d:\project\freetype-2.10.1\objs\x64\release\ftotval.obj
d:\project\freetype-2.10.1\objs\x64\release\ftsystem.obj
d:\project\freetype-2.10.1\objs\x64\release\type1cid.obj
d:\project\freetype-2.10.1\objs\x64\release\sfnt.obj
d:\project\freetype-2.10.1\objs\x64\release\freetype.lib
d:\project\freetype-2.10.1\objs\x64\release\freetype.exp
d:\project\freetype-2.10.1\objs\x64\release\freetype.ilk
d:\project\freetype-2.10.1\objs\x64\release\freetype.dll
d:\project\freetype-2.10.1\objs\x64\release\freetype.pdb
d:\project\freetype-2.10.1\objs\x64\release\ftver.res
d:\project\freetype-2.10.1\objs\x64\release\..\..\..\objs\x64\release\freetype.pdb
d:\project\freetype-2.10.1\builds\windows\vc2010\..\..\..\objs\x64\release\freetype.dll
d:\project\freetype-2.10.1\objs\x64\release\..\..\..\objs\x64\release\freetype.ilk
d:\project\freetype-2.10.1\objs\x64\release\freetype.tlog\cl.command.1.tlog
d:\project\freetype-2.10.1\objs\x64\release\freetype.tlog\cl.read.1.tlog
d:\project\freetype-2.10.1\objs\x64\release\freetype.tlog\cl.write.1.tlog
d:\project\freetype-2.10.1\objs\x64\release\freetype.tlog\freetype.write.1u.tlog
d:\project\freetype-2.10.1\objs\x64\release\freetype.tlog\link.command.1.tlog
d:\project\freetype-2.10.1\objs\x64\release\freetype.tlog\link.read.1.tlog
d:\project\freetype-2.10.1\objs\x64\release\freetype.tlog\link.write.1.tlog
d:\project\freetype-2.10.1\objs\x64\release\freetype.tlog\rc.command.1.tlog
d:\project\freetype-2.10.1\objs\x64\release\freetype.tlog\rc.read.1.tlog
d:\project\freetype-2.10.1\objs\x64\release\freetype.tlog\rc.write.1.tlog
