cl : 命令行 warning D9002: 忽略未知选项“/arch:SSE2”
cl : 命令行 warning D9002: 忽略未知选项“/arch:SSE2”
cl : 命令行 warning D9002: 忽略未知选项“/arch:SSE2”
cl : 命令行 warning D9002: 忽略未知选项“/arch:SSE2”
cl : 命令行 warning D9002: 忽略未知选项“/arch:SSE2”
  autofit.c
  ftbase.c
cl : 命令行 warning D9002: 忽略未知选项“/arch:SSE2”
  ftbbox.c
  ftbdf.c
cl : 命令行 warning D9002: 忽略未知选项“/arch:SSE2”
cl : 命令行 warning D9002: 忽略未知选项“/arch:SSE2”
  ftbitmap.c
  ftcid.c
  ftfstype.c
cl : 命令行 warning D9002: 忽略未知选项“/arch:SSE2”
  ftgasp.c
d:\project\freetype-2.10.1\src\autofit\afscript.h : warning C4819: 该文件包含不能在当前代码页(936)中表示的字符。请将该文件保存为 Unicode 格式以防止数据丢失 (编译源文件 ..\..\..\src\autofit\autofit.c)
d:\project\freetype-2.10.1\src\autofit\afblue.c : warning C4819: 该文件包含不能在当前代码页(936)中表示的字符。请将该文件保存为 Unicode 格式以防止数据丢失 (编译源文件 ..\..\..\src\autofit\autofit.c)
d:\project\freetype-2.10.1\src\autofit\afblue.c(254): warning C4819: 该文件包含不能在当前代码页(936)中表示的字符。请将该文件保存为 Unicode 格式以防止数据丢失 (编译源文件 ..\..\..\src\autofit\autofit.c)
d:\project\freetype-2.10.1\src\autofit\afscript.h : warning C4819: 该文件包含不能在当前代码页(936)中表示的字符。请将该文件保存为 Unicode 格式以防止数据丢失 (编译源文件 ..\..\..\src\autofit\autofit.c)
d:\project\freetype-2.10.1\src\autofit\afscript.h : warning C4819: 该文件包含不能在当前代码页(936)中表示的字符。请将该文件保存为 Unicode 格式以防止数据丢失 (编译源文件 ..\..\..\src\autofit\autofit.c)
d:\project\freetype-2.10.1\src\autofit\afscript.h : warning C4819: 该文件包含不能在当前代码页(936)中表示的字符。请将该文件保存为 Unicode 格式以防止数据丢失 (编译源文件 ..\..\..\src\autofit\autofit.c)
d:\project\freetype-2.10.1\src\autofit\afscript.h : warning C4819: 该文件包含不能在当前代码页(936)中表示的字符。请将该文件保存为 Unicode 格式以防止数据丢失 (编译源文件 ..\..\..\src\autofit\autofit.c)
d:\project\freetype-2.10.1\src\autofit\afscript.h : warning C4819: 该文件包含不能在当前代码页(936)中表示的字符。请将该文件保存为 Unicode 格式以防止数据丢失 (编译源文件 ..\..\..\src\autofit\autofit.c)
  ftglyph.c
  ftgxval.c
  ftinit.c
  ftmm.c
  ftotval.c
  ftpatent.c
  ftpfr.c
  ftstroke.c
  ftsynth.c
  ftsystem.c
  fttype1.c
  ftwinfnt.c
  bdf.c
  ftcache.c
  cff.c
  type1cid.c
  ftgzip.c
  ftlzw.c
  pcf.c
  pfr.c
  psaux.c
  pshinter.c
  psmodule.c
  raster.c
  sfnt.c
  smooth.c
  truetype.c
  type1.c
  type42.c
  winfnt.c
d:\project\freetype-2.10.1\src\smooth\ftgrays.c(1704): warning C4267: “+=”: 从“size_t”转换到“TCoord”，可能丢失数据 (编译源文件 ..\..\..\src\smooth\smooth.c)
d:\project\freetype-2.10.1\src\type1\t1driver.c(277): warning C4267: “=”: 从“size_t”转换到“FT_ULong”，可能丢失数据 (编译源文件 ..\..\..\src\type1\type1.c)
d:\project\freetype-2.10.1\src\type1\t1driver.c(298): warning C4267: “=”: 从“size_t”转换到“FT_ULong”，可能丢失数据 (编译源文件 ..\..\..\src\type1\type1.c)
d:\project\freetype-2.10.1\src\type1\t1driver.c(330): warning C4267: “=”: 从“size_t”转换到“FT_ULong”，可能丢失数据 (编译源文件 ..\..\..\src\type1\type1.c)
d:\project\freetype-2.10.1\src\type1\t1driver.c(360): warning C4267: “=”: 从“size_t”转换到“FT_UInt”，可能丢失数据 (编译源文件 ..\..\..\src\type1\type1.c)
d:\project\freetype-2.10.1\src\type1\t1driver.c(569): warning C4267: “=”: 从“size_t”转换到“FT_ULong”，可能丢失数据 (编译源文件 ..\..\..\src\type1\type1.c)
d:\project\freetype-2.10.1\src\type1\t1driver.c(578): warning C4267: “=”: 从“size_t”转换到“FT_ULong”，可能丢失数据 (编译源文件 ..\..\..\src\type1\type1.c)
d:\project\freetype-2.10.1\src\type1\t1driver.c(587): warning C4267: “=”: 从“size_t”转换到“FT_ULong”，可能丢失数据 (编译源文件 ..\..\..\src\type1\type1.c)
d:\project\freetype-2.10.1\src\type1\t1driver.c(596): warning C4267: “=”: 从“size_t”转换到“FT_ULong”，可能丢失数据 (编译源文件 ..\..\..\src\type1\type1.c)
d:\project\freetype-2.10.1\src\type1\t1driver.c(606): warning C4267: “=”: 从“size_t”转换到“FT_ULong”，可能丢失数据 (编译源文件 ..\..\..\src\type1\type1.c)
d:\project\freetype-2.10.1\src\sfnt\sfdriver.c(860): warning C4267: “=”: 从“size_t”转换到“FT_UInt”，可能丢失数据 (编译源文件 ..\..\..\src\sfnt\sfnt.c)
d:\project\freetype-2.10.1\src\sfnt\sfdriver.c(1011): warning C4244: “函数”: 从“__int64”转换到“const unsigned int”，可能丢失数据 (编译源文件 ..\..\..\src\sfnt\sfnt.c)
d:\project\freetype-2.10.1\src\type1\t1load.c(1737): warning C4244: “=”: 从“__int64”转换到“FT_Int”，可能丢失数据 (编译源文件 ..\..\..\src\type1\type1.c)
d:\project\freetype-2.10.1\src\type1\t1load.c(1907): warning C4244: “=”: 从“__int64”转换到“FT_Int”，可能丢失数据 (编译源文件 ..\..\..\src\type1\type1.c)
d:\project\freetype-2.10.1\src\smooth\ftgrays.c(534): warning C4706: 条件表达式内的赋值
d:\project\freetype-2.10.1\src\truetype\ttgload.c(1877): warning C4312: “类型强制转换”: 从“unsigned long”转换到更大的“void *” (编译源文件 ..\..\..\src\truetype\truetype.c)
d:\project\freetype-2.10.1\src\type42\t42parse.c(832): warning C4244: “=”: 从“__int64”转换到“FT_Int”，可能丢失数据 (编译源文件 ..\..\..\src\type42\type42.c)
d:\project\freetype-2.10.1\src\sfnt\ttcolr.c(127): warning C4018: “>”: 有符号/无符号不匹配 (编译源文件 ..\..\..\src\sfnt\sfnt.c)
d:\project\freetype-2.10.1\src\sfnt\ttcolr.c(136): warning C4018: “>”: 有符号/无符号不匹配 (编译源文件 ..\..\..\src\sfnt\sfnt.c)
d:\project\freetype-2.10.1\src\psaux\psintrp.c(1005): warning C4267: “=”: 从“size_t”转换到“FT_Fast”，可能丢失数据 (编译源文件 ..\..\..\src\psaux\psaux.c)
d:\project\freetype-2.10.1\src\truetype\ttobjs.c(981): warning C4819: 该文件包含不能在当前代码页(936)中表示的字符。请将该文件保存为 Unicode 格式以防止数据丢失 (编译源文件 ..\..\..\src\truetype\truetype.c)
d:\project\freetype-2.10.1\src\sfnt\ttcpal.c(121): warning C4018: “>”: 有符号/无符号不匹配 (编译源文件 ..\..\..\src\sfnt\sfnt.c)
d:\project\freetype-2.10.1\src\sfnt\ttcpal.c(153): warning C4018: “>”: 有符号/无符号不匹配 (编译源文件 ..\..\..\src\sfnt\sfnt.c)
d:\project\freetype-2.10.1\src\sfnt\ttcpal.c(174): warning C4018: “>”: 有符号/无符号不匹配 (编译源文件 ..\..\..\src\sfnt\sfnt.c)
d:\project\freetype-2.10.1\src\sfnt\ttcpal.c(195): warning C4018: “>”: 有符号/无符号不匹配 (编译源文件 ..\..\..\src\sfnt\sfnt.c)
d:\project\freetype-2.10.1\src\sfnt\ttload.c : warning C4819: 该文件包含不能在当前代码页(936)中表示的字符。请将该文件保存为 Unicode 格式以防止数据丢失 (编译源文件 ..\..\..\src\sfnt\sfnt.c)
d:\project\freetype-2.10.1\src\truetype\ttgxvar.c(2201): warning C4701: 使用了可能未初始化的局部变量“fvar_head”
cl : 命令行 warning D9002: 忽略未知选项“/arch:SSE2”
  ftdebug.c
    正在创建库 ..\..\..\objs\x64\Release\freetype.lib 和对象 ..\..\..\objs\x64\Release\freetype.exp
  freetype.vcxproj -> D:\Project\freetype-2.10.1\builds\windows\vc2010\..\..\..\objs\x64\Release\freetype.dll
