d:\project\freetype-2.10.1\objs\x64\debug\freetype.pdb
d:\project\freetype-2.10.1\objs\x64\debug\ftdebug.obj
d:\project\freetype-2.10.1\objs\x64\debug\ftbitmap.obj
d:\project\freetype-2.10.1\objs\x64\debug\ftmm.obj
d:\project\freetype-2.10.1\objs\x64\debug\ftwinfnt.obj
d:\project\freetype-2.10.1\objs\x64\debug\pfr.obj
d:\project\freetype-2.10.1\objs\x64\debug\truetype.obj
d:\project\freetype-2.10.1\objs\x64\debug\ftcid.obj
d:\project\freetype-2.10.1\objs\x64\debug\ftotval.obj
d:\project\freetype-2.10.1\objs\x64\debug\ftsystem.obj
d:\project\freetype-2.10.1\objs\x64\debug\ftgzip.obj
d:\project\freetype-2.10.1\objs\x64\debug\smooth.obj
d:\project\freetype-2.10.1\objs\x64\debug\ftbdf.obj
d:\project\freetype-2.10.1\objs\x64\debug\ftgxval.obj
d:\project\freetype-2.10.1\objs\x64\debug\ftcache.obj
d:\project\freetype-2.10.1\objs\x64\debug\pshinter.obj
d:\project\freetype-2.10.1\objs\x64\debug\type42.obj
d:\project\freetype-2.10.1\objs\x64\debug\ftgasp.obj
d:\project\freetype-2.10.1\objs\x64\debug\ftpatent.obj
d:\project\freetype-2.10.1\objs\x64\debug\bdf.obj
d:\project\freetype-2.10.1\objs\x64\debug\psaux.obj
d:\project\freetype-2.10.1\objs\x64\debug\winfnt.obj
d:\project\freetype-2.10.1\objs\x64\debug\ftbbox.obj
d:\project\freetype-2.10.1\objs\x64\debug\ftglyph.obj
d:\project\freetype-2.10.1\objs\x64\debug\ftsynth.obj
d:\project\freetype-2.10.1\objs\x64\debug\ftlzw.obj
d:\project\freetype-2.10.1\objs\x64\debug\psmodule.obj
d:\project\freetype-2.10.1\objs\x64\debug\autofit.obj
d:\project\freetype-2.10.1\objs\x64\debug\ftstroke.obj
d:\project\freetype-2.10.1\objs\x64\debug\type1cid.obj
d:\project\freetype-2.10.1\objs\x64\debug\raster.obj
d:\project\freetype-2.10.1\objs\x64\debug\ftbase.obj
d:\project\freetype-2.10.1\objs\x64\debug\ftpfr.obj
d:\project\freetype-2.10.1\objs\x64\debug\cff.obj
d:\project\freetype-2.10.1\objs\x64\debug\sfnt.obj
d:\project\freetype-2.10.1\objs\x64\debug\ftfstype.obj
d:\project\freetype-2.10.1\objs\x64\debug\ftinit.obj
d:\project\freetype-2.10.1\objs\x64\debug\fttype1.obj
d:\project\freetype-2.10.1\objs\x64\debug\pcf.obj
d:\project\freetype-2.10.1\objs\x64\debug\type1.obj
d:\project\freetype-2.10.1\objs\x64\debug\freetype.lib
d:\project\freetype-2.10.1\objs\x64\debug\freetype.exp
d:\project\freetype-2.10.1\objs\x64\debug\freetype.ilk
d:\project\freetype-2.10.1\objs\x64\debug\freetype.dll
d:\project\freetype-2.10.1\objs\x64\debug\ftver.res
d:\project\freetype-2.10.1\objs\x64\debug\..\..\..\objs\x64\debug\freetype.pdb
d:\project\freetype-2.10.1\builds\windows\vc2010\..\..\..\objs\x64\debug\freetype.dll
d:\project\freetype-2.10.1\objs\x64\debug\..\..\..\objs\x64\debug\freetype.ilk
d:\project\freetype-2.10.1\objs\x64\debug\freetype.tlog\cl.command.1.tlog
d:\project\freetype-2.10.1\objs\x64\debug\freetype.tlog\cl.read.1.tlog
d:\project\freetype-2.10.1\objs\x64\debug\freetype.tlog\cl.write.1.tlog
d:\project\freetype-2.10.1\objs\x64\debug\freetype.tlog\freetype.write.1u.tlog
d:\project\freetype-2.10.1\objs\x64\debug\freetype.tlog\link.command.1.tlog
d:\project\freetype-2.10.1\objs\x64\debug\freetype.tlog\link.read.1.tlog
d:\project\freetype-2.10.1\objs\x64\debug\freetype.tlog\link.write.1.tlog
d:\project\freetype-2.10.1\objs\x64\debug\freetype.tlog\rc.command.1.tlog
d:\project\freetype-2.10.1\objs\x64\debug\freetype.tlog\rc.read.1.tlog
d:\project\freetype-2.10.1\objs\x64\debug\freetype.tlog\rc.write.1.tlog
